  Game.cpp
C:\Users\L\source\repos\ProjetoDLTV2\ProjetoDLTV2\Game.cpp(157,67): warning C4244: 'argumento': conversão de 'unsigned int' para 'T', possível perda de dados
          with
          [
              T=float
          ]
C:\Users\L\source\repos\ProjetoDLTV2\ProjetoDLTV2\Game.cpp(157,50): warning C4244: 'argumento': conversão de 'unsigned int' para 'T', possível perda de dados
          with
          [
              T=float
          ]
C:\Users\L\source\repos\ProjetoDLTV2\ProjetoDLTV2\Game.cpp(193,67): warning C4244: 'argumento': conversão de 'unsigned int' para 'T', possível perda de dados
          with
          [
              T=float
          ]
C:\Users\L\source\repos\ProjetoDLTV2\ProjetoDLTV2\Game.cpp(193,50): warning C4244: 'argumento': conversão de 'unsigned int' para 'T', possível perda de dados
          with
          [
              T=float
          ]
C:\Users\L\source\repos\ProjetoDLTV2\ProjetoDLTV2\Game.cpp(204,67): warning C4244: 'argumento': conversão de 'unsigned int' para 'T', possível perda de dados
          with
          [
              T=float
          ]
C:\Users\L\source\repos\ProjetoDLTV2\ProjetoDLTV2\Game.cpp(204,50): warning C4244: 'argumento': conversão de 'unsigned int' para 'T', possível perda de dados
          with
          [
              T=float
          ]
C:\Users\L\source\repos\ProjetoDLTV2\ProjetoDLTV2\Game.cpp(278,48): warning C4244: 'argumento': conversão de 'unsigned int' para 'float', possível perda de dados
C:\Users\L\source\repos\ProjetoDLTV2\ProjetoDLTV2\Game.cpp(282,49): warning C4244: 'argumento': conversão de 'unsigned int' para 'float', possível perda de dados
C:\Users\L\source\repos\ProjetoDLTV2\ProjetoDLTV2\Game.cpp(297,60): warning C4244: 'argumento': conversão de 'unsigned int' para 'float', possível perda de dados
C:\Users\L\source\repos\ProjetoDLTV2\ProjetoDLTV2\Game.cpp(297,37): warning C4244: 'argumento': conversão de 'unsigned int' para 'float', possível perda de dados
C:\Users\L\source\repos\ProjetoDLTV2\ProjetoDLTV2\Game.cpp(307,59): warning C4244: 'argumento': conversão de 'unsigned int' para 'float', possível perda de dados
C:\Users\L\source\repos\ProjetoDLTV2\ProjetoDLTV2\Game.cpp(335,14): warning C4244: 'inicializando': conversão de 'double' para 'int', possível perda de dados
C:\Users\L\source\repos\ProjetoDLTV2\ProjetoDLTV2\Game.cpp(338,17): warning C4244: 'argumento': conversão de 'time_t' para 'unsigned int', possível perda de dados
C:\Users\L\source\repos\ProjetoDLTV2\ProjetoDLTV2\Game.cpp(345,56): warning C4244: 'argumento': conversão de 'unsigned int' para 'float', possível perda de dados
C:\Users\L\source\repos\ProjetoDLTV2\ProjetoDLTV2\Game.cpp(345,36): warning C4244: 'argumento': conversão de 'unsigned int' para 'float', possível perda de dados
C:\Users\L\source\repos\ProjetoDLTV2\ProjetoDLTV2\Game.cpp(357,62): warning C4244: 'argumento': conversão de 'T' para 'int', possível perda de dados
          with
          [
              T=float
          ]
C:\Users\L\source\repos\ProjetoDLTV2\ProjetoDLTV2\Game.cpp(357,31): warning C4244: 'argumento': conversão de 'T' para 'int', possível perda de dados
          with
          [
              T=float
          ]
  Gerando código
  2 of 250 functions ( 0.8%) were compiled, the rest were copied from previous compilation.
    0 functions were new in current compilation
    22 functions had inline decision re-evaluated but remain unchanged
  Finalizada a geração de código
  ProjetoDLTV2.vcxproj -> C:\Users\L\source\repos\ProjetoDLTV2\Release\ProjetoDLTV2.exe
